xph5/app/build/outputs/logs/manifest-merger-release-report.txt
-- Merging decision tree log ---
manifest
ADDED from src/main/AndroidManifest.xml:2:1-82:12
INJECTED from src/main/AndroidManifest.xml:2:1-82:12
INJECTED from src/main/AndroidManifest.xml:2:1-82:12
INJECTED from src/main/AndroidManifest.xml:2:1-82:12
MERGED from [applog-release.aar] AndroidManifest.xml:2:1-24:12
MERGED from [soutil_20190808.aar] AndroidManifest.xml:2:1-18:12
MERGED from [com.android.support:support-v4:26.1.0] AndroidManifest.xml:17:1-31:12
MERGED from [com.android.support:support-media-compat:26.1.0] AndroidManifest.xml:17:1-31:12
MERGED from [com.android.support:support-fragment:26.1.0] AndroidManifest.xml:17:1-31:12
MERGED from [com.android.support:support-core-utils:26.1.0] AndroidManifest.xml:17:1-31:12
MERGED from [com.android.support:support-core-ui:26.1.0] AndroidManifest.xml:17:1-31:12
MERGED from [com.android.support:support-compat:26.1.0] AndroidManifest.xml:17:1-31:12
MERGED from [android.arch.lifecycle:runtime:1.0.0] AndroidManifest.xml:17:1-30:12
INJECTED from src/main/AndroidManifest.xml:2:1-82:12
INJECTED from src/main/AndroidManifest.xml:2:1-82:12
INJECTED from src/main/AndroidManifest.xml:2:1-82:12
	package
		ADDED from src/main/AndroidManifest.xml:3:5-33
		INJECTED from src/main/AndroidManifest.xml
		INJECTED from src/main/AndroidManifest.xml
	android:versionName
		INJECTED from src/main/AndroidManifest.xml
		ADDED from src/main/AndroidManifest.xml:2:1-82:12
		INJECTED from src/main/AndroidManifest.xml
	android:versionCode
		INJECTED from src/main/AndroidManifest.xml
		ADDED from src/main/AndroidManifest.xml:2:1-82:12
		INJECTED from src/main/AndroidManifest.xml
	xmlns:android
		ADDED from src/main/AndroidManifest.xml:2:11-69
uses-permission#android.permission.INTERNET
ADDED from src/main/AndroidManifest.xml:6:5-67
MERGED from [applog-release.aar] AndroidManifest.xml:12:5-67
MERGED from [applog-release.aar] AndroidManifest.xml:12:5-67
	android:name
		ADDED from src/main/AndroidManifest.xml:6:22-64
uses-permission#android.permission.ACCESS_NETWORK_STATE
ADDED from src/main/AndroidManifest.xml:8:5-79
MERGED from [applog-release.aar] AndroidManifest.xml:15:5-79
MERGED from [applog-release.aar] AndroidManifest.xml:15:5-79
MERGED from [soutil_20190808.aar] AndroidManifest.xml:12:5-79
MERGED from [soutil_20190808.aar] AndroidManifest.xml:12:5-79
	android:name
		ADDED from src/main/AndroidManifest.xml:8:22-76
uses-permission#android.permission.CHANGE_NETWORK_STATE
ADDED from src/main/AndroidManifest.xml:10:5-79
MERGED from [applog-release.aar] AndroidManifest.xml:19:5-79
MERGED from [applog-release.aar] AndroidManifest.xml:19:5-79
	android:name
		ADDED from src/main/AndroidManifest.xml:10:22-76
uses-permission#android.permission.WRITE_EXTERNAL_STORAGE
ADDED from src/main/AndroidManifest.xml:12:5-81
MERGED from [applog-release.aar] AndroidManifest.xml:17:5-81
MERGED from [applog-release.aar] AndroidManifest.xml:17:5-81
	android:name
		ADDED from src/main/AndroidManifest.xml:12:22-78
uses-permission#android.permission.READ_PHONE_STATE
ADDED from src/main/AndroidManifest.xml:14:5-75
MERGED from [applog-release.aar] AndroidManifest.xml:13:5-75
MERGED from [applog-release.aar] AndroidManifest.xml:13:5-75
MERGED from [soutil_20190808.aar] AndroidManifest.xml:16:5-75
MERGED from [soutil_20190808.aar] AndroidManifest.xml:16:5-75
	android:name
		ADDED from src/main/AndroidManifest.xml:14:22-72
uses-permission#android.permission.ACCESS_WIFI_STATE
ADDED from src/main/AndroidManifest.xml:16:5-76
MERGED from [applog-release.aar] AndroidManifest.xml:11:5-76
MERGED from [applog-release.aar] AndroidManifest.xml:11:5-76
MERGED from [applog-release.aar] AndroidManifest.xml:16:5-76
MERGED from [applog-release.aar] AndroidManifest.xml:16:5-76
MERGED from [soutil_20190808.aar] AndroidManifest.xml:13:5-76
MERGED from [soutil_20190808.aar] AndroidManifest.xml:13:5-76
	android:name
		ADDED from src/main/AndroidManifest.xml:16:22-73
uses-permission#android.permission.NFC
ADDED from src/main/AndroidManifest.xml:18:5-62
	android:name
		ADDED from src/main/AndroidManifest.xml:18:22-59
uses-feature#android.hardware.nfc.hce
ADDED from src/main/AndroidManifest.xml:20:5-61
	android:name
		ADDED from src/main/AndroidManifest.xml:20:19-58
uses-permission#org.simalliance.openmobileapi.SMARTCARD
ADDED from src/main/AndroidManifest.xml:22:5-79
	android:name
		ADDED from src/main/AndroidManifest.xml:22:22-76
uses-permission#android.permission.VIBRATE
ADDED from src/main/AndroidManifest.xml:24:5-66
	android:name
		ADDED from src/main/AndroidManifest.xml:24:22-63
uses-permission#android.permission.READ_EXTERNAL_STORAGE
ADDED from src/main/AndroidManifest.xml:26:5-80
	android:name
		ADDED from src/main/AndroidManifest.xml:26:22-77
application
ADDED from src/main/AndroidManifest.xml:28:5-80:19
MERGED from [applog-release.aar] AndroidManifest.xml:21:5-22:19
MERGED from [applog-release.aar] AndroidManifest.xml:21:5-22:19
MERGED from [com.android.support:support-v4:26.1.0] AndroidManifest.xml:25:5-29:19
MERGED from [com.android.support:support-v4:26.1.0] AndroidManifest.xml:25:5-29:19
MERGED from [com.android.support:support-media-compat:26.1.0] AndroidManifest.xml:25:5-29:19
MERGED from [com.android.support:support-media-compat:26.1.0] AndroidManifest.xml:25:5-29:19
MERGED from [com.android.support:support-fragment:26.1.0] AndroidManifest.xml:25:5-29:19
MERGED from [com.android.support:support-fragment:26.1.0] AndroidManifest.xml:25:5-29:19
MERGED from [com.android.support:support-core-utils:26.1.0] AndroidManifest.xml:25:5-29:19
MERGED from [com.android.support:support-core-utils:26.1.0] AndroidManifest.xml:25:5-29:19
MERGED from [com.android.support:support-core-ui:26.1.0] AndroidManifest.xml:25:5-29:19
MERGED from [com.android.support:support-core-ui:26.1.0] AndroidManifest.xml:25:5-29:19
MERGED from [com.android.support:support-compat:26.1.0] AndroidManifest.xml:25:5-29:19
MERGED from [com.android.support:support-compat:26.1.0] AndroidManifest.xml:25:5-29:19
MERGED from [android.arch.lifecycle:runtime:1.0.0] AndroidManifest.xml:24:5-28:19
MERGED from [android.arch.lifecycle:runtime:1.0.0] AndroidManifest.xml:24:5-28:19
	android:label
		ADDED from src/main/AndroidManifest.xml:32:9-41
	android:icon
		ADDED from src/main/AndroidManifest.xml:31:9-45
	android:allowBackup
		ADDED from src/main/AndroidManifest.xml:30:9-35
	android:theme
		ADDED from src/main/AndroidManifest.xml:33:9-42
	android:name
		ADDED from src/main/AndroidManifest.xml:29:9-56
activity#com.zhangyue.ylyhe.ui.SplashActivity
ADDED from src/main/AndroidManifest.xml:34:9-45:20
	android:screenOrientation
		ADDED from src/main/AndroidManifest.xml:38:13-55
	android:label
		ADDED from src/main/AndroidManifest.xml:37:13-45
	android:configChanges
		ADDED from src/main/AndroidManifest.xml:36:13-74
	android:theme
		ADDED from src/main/AndroidManifest.xml:39:13-77
	android:name
		ADDED from src/main/AndroidManifest.xml:35:13-64
intent-filter#action:name:android.intent.action.MAIN+category:name:android.intent.category.LAUNCHER
ADDED from src/main/AndroidManifest.xml:40:13-44:29
action#android.intent.action.MAIN
ADDED from src/main/AndroidManifest.xml:41:17-69
	android:name
		ADDED from src/main/AndroidManifest.xml:41:25-66
category#android.intent.category.LAUNCHER
ADDED from src/main/AndroidManifest.xml:43:17-77
	android:name
		ADDED from src/main/AndroidManifest.xml:43:27-74
activity#com.zhangyue.ylyhe.ui.BrowserActivity
ADDED from src/main/AndroidManifest.xml:47:9-52:89
	android:screenOrientation
		ADDED from src/main/AndroidManifest.xml:51:13-55
	android:launchMode
		ADDED from src/main/AndroidManifest.xml:50:13-43
	android:configChanges
		ADDED from src/main/AndroidManifest.xml:49:13-74
	android:theme
		ADDED from src/main/AndroidManifest.xml:52:13-77
	android:name
		ADDED from src/main/AndroidManifest.xml:48:13-65
activity#com.zhangyue.ylyhe.ui.PermissionsActivity
ADDED from src/main/AndroidManifest.xml:54:9-59:61
	android:screenOrientation
		ADDED from src/main/AndroidManifest.xml:58:13-55
	android:launchMode
		ADDED from src/main/AndroidManifest.xml:57:13-43
	android:configChanges
		ADDED from src/main/AndroidManifest.xml:56:13-74
	android:theme
		ADDED from src/main/AndroidManifest.xml:59:13-58
	android:name
		ADDED from src/main/AndroidManifest.xml:55:13-69
meta-data#xp_appid
ADDED from src/main/AndroidManifest.xml:61:9-63:64
	android:value
		ADDED from src/main/AndroidManifest.xml:63:13-61
	android:name
		ADDED from src/main/AndroidManifest.xml:62:13-36
meta-data#xp_jrtt_appname
ADDED from src/main/AndroidManifest.xml:65:9-67:37
	android:value
		ADDED from src/main/AndroidManifest.xml:67:13-34
	android:name
		ADDED from src/main/AndroidManifest.xml:66:13-43
meta-data#xp_jrtt_channel
ADDED from src/main/AndroidManifest.xml:69:9-71:37
	android:value
		ADDED from src/main/AndroidManifest.xml:71:13-34
	android:name
		ADDED from src/main/AndroidManifest.xml:70:13-43
meta-data#xp_jrtt_aid
ADDED from src/main/AndroidManifest.xml:73:9-75:38
	android:value
		ADDED from src/main/AndroidManifest.xml:75:13-35
	android:name
		ADDED from src/main/AndroidManifest.xml:74:13-39
meta-data#xp_tuia_advertkey
ADDED from src/main/AndroidManifest.xml:77:9-79:62
	android:value
		ADDED from src/main/AndroidManifest.xml:79:13-59
	android:name
		ADDED from src/main/AndroidManifest.xml:78:13-45
uses-sdk
INJECTED from src/main/AndroidManifest.xml reason: use-sdk injection requested
INJECTED from src/main/AndroidManifest.xml
INJECTED from src/main/AndroidManifest.xml
MERGED from [applog-release.aar] AndroidManifest.xml:7:5-9:41
MERGED from [applog-release.aar] AndroidManifest.xml:7:5-9:41
MERGED from [soutil_20190808.aar] AndroidManifest.xml:7:5-9:41
MERGED from [soutil_20190808.aar] AndroidManifest.xml:7:5-9:41
MERGED from [com.android.support:support-v4:26.1.0] AndroidManifest.xml:21:5-23:54
MERGED from [com.android.support:support-v4:26.1.0] AndroidManifest.xml:21:5-23:54
MERGED from [com.android.support:support-media-compat:26.1.0] AndroidManifest.xml:21:5-23:63
MERGED from [com.android.support:support-media-compat:26.1.0] AndroidManifest.xml:21:5-23:63
MERGED from [com.android.support:support-fragment:26.1.0] AndroidManifest.xml:21:5-23:60
MERGED from [com.android.support:support-fragment:26.1.0] AndroidManifest.xml:21:5-23:60
MERGED from [com.android.support:support-core-utils:26.1.0] AndroidManifest.xml:21:5-23:61
MERGED from [com.android.support:support-core-utils:26.1.0] AndroidManifest.xml:21:5-23:61
MERGED from [com.android.support:support-core-ui:26.1.0] AndroidManifest.xml:21:5-23:58
MERGED from [com.android.support:support-core-ui:26.1.0] AndroidManifest.xml:21:5-23:58
MERGED from [com.android.support:support-compat:26.1.0] AndroidManifest.xml:21:5-23:58
MERGED from [com.android.support:support-compat:26.1.0] AndroidManifest.xml:21:5-23:58
MERGED from [android.arch.lifecycle:runtime:1.0.0] AndroidManifest.xml:20:5-22:41
MERGED from [android.arch.lifecycle:runtime:1.0.0] AndroidManifest.xml:20:5-22:41
INJECTED from src/main/AndroidManifest.xml
INJECTED from src/main/AndroidManifest.xml
	tools:overrideLibrary
		ADDED from [com.android.support:support-v4:26.1.0] AndroidManifest.xml:23:9-51
	android:targetSdkVersion
		INJECTED from src/main/AndroidManifest.xml
		ADDED from src/main/AndroidManifest.xml
		INJECTED from src/main/AndroidManifest.xml
	android:minSdkVersion
		INJECTED from src/main/AndroidManifest.xml
		ADDED from src/main/AndroidManifest.xml
		INJECTED from src/main/AndroidManifest.xml
uses-permission#android.permission.READ_CONTACTS
ADDED from [applog-release.aar] AndroidManifest.xml:14:5-72
	android:name
		ADDED from [applog-release.aar] AndroidManifest.xml:14:22-69
uses-permission#android.permission.CHANGE_WIFI_STATE
ADDED from [applog-release.aar] AndroidManifest.xml:18:5-76
MERGED from [soutil_20190808.aar] AndroidManifest.xml:14:5-76
MERGED from [soutil_20190808.aar] AndroidManifest.xml:14:5-76
	android:name
		ADDED from [applog-release.aar] AndroidManifest.xml:18:22-73
uses-permission#android.permission.ACCESS_COARSE_LOCATION
ADDED from [soutil_20190808.aar] AndroidManifest.xml:11:5-81
	android:name
		ADDED from [soutil_20190808.aar] AndroidManifest.xml:11:22-78
uses-permission#android.permission.READ_PHONE_NUMBERS
ADDED from [soutil_20190808.aar] AndroidManifest.xml:15:5-77
	android:name
		ADDED from [soutil_20190808.aar] AndroidManifest.xml:15:22-74
meta-data#android.support.VERSION
ADDED from [com.android.support:support-v4:26.1.0] AndroidManifest.xml:26:9-28:38
MERGED from [com.android.support:support-media-compat:26.1.0] AndroidManifest.xml:26:9-28:38
MERGED from [com.android.support:support-media-compat:26.1.0] AndroidManifest.xml:26:9-28:38
MERGED from [com.android.support:support-fragment:26.1.0] AndroidManifest.xml:26:9-28:38
MERGED from [com.android.support:support-fragment:26.1.0] AndroidManifest.xml:26:9-28:38
MERGED from [com.android.support:support-core-utils:26.1.0] AndroidManifest.xml:26:9-28:38
MERGED from [com.android.support:support-core-utils:26.1.0] AndroidManifest.xml:26:9-28:38
MERGED from [com.android.support:support-core-ui:26.1.0] AndroidManifest.xml:26:9-28:38
MERGED from [com.android.support:support-core-ui:26.1.0] AndroidManifest.xml:26:9-28:38
MERGED from [com.android.support:support-compat:26.1.0] AndroidManifest.xml:26:9-28:38
MERGED from [com.android.support:support-compat:26.1.0] AndroidManifest.xml:26:9-28:38
	android:value
		ADDED from [com.android.support:support-v4:26.1.0] AndroidManifest.xml:28:13-35
	android:name
		ADDED from [com.android.support:support-v4:26.1.0] AndroidManifest.xml:27:13-51
meta-data#android.arch.lifecycle.VERSION
ADDED from [android.arch.lifecycle:runtime:1.0.0] AndroidManifest.xml:25:9-27:47
	android:value
		ADDED from [android.arch.lifecycle:runtime:1.0.0] AndroidManifest.xml:27:13-44
	android:name
		ADDED from [android.arch.lifecycle:runtime:1.0.0] AndroidManifest.xml:26:13-58